  Application.cpp
  Color.cpp
  glmath.cpp
D:\cosas de clase\Motores\3D-Motor-2021\BUILD-BASE\glmath.cpp(12,13): warning C4244: 'return': conversion from 'double' to 'float', possible loss of data
D:\cosas de clase\Motores\3D-Motor-2021\BUILD-BASE\glmath.cpp(27,17): warning C4244: 'argument': conversion from 'double' to 'float', possible loss of data
D:\cosas de clase\Motores\3D-Motor-2021\BUILD-BASE\glmath.cpp(43,34): warning C4244: 'argument': conversion from 'double' to 'float', possible loss of data
D:\cosas de clase\Motores\3D-Motor-2021\BUILD-BASE\glmath.cpp(53,10): warning C4244: 'initializing': conversion from 'double' to 'float', possible loss of data
D:\cosas de clase\Motores\3D-Motor-2021\BUILD-BASE\glmath.cpp(53,26): warning C4244: 'initializing': conversion from 'double' to 'float', possible loss of data
D:\cosas de clase\Motores\3D-Motor-2021\BUILD-BASE\glmath.cpp(72,13): warning C4244: 'return': conversion from 'double' to 'float', possible loss of data
D:\cosas de clase\Motores\3D-Motor-2021\BUILD-BASE\glmath.cpp(87,17): warning C4244: 'argument': conversion from 'double' to 'float', possible loss of data
D:\cosas de clase\Motores\3D-Motor-2021\BUILD-BASE\glmath.cpp(103,34): warning C4244: 'argument': conversion from 'double' to 'float', possible loss of data
D:\cosas de clase\Motores\3D-Motor-2021\BUILD-BASE\glmath.cpp(600,13): warning C4244: 'initializing': conversion from 'double' to 'float', possible loss of data
D:\cosas de clase\Motores\3D-Motor-2021\BUILD-BASE\glmath.cpp(618,10): warning C4244: 'initializing': conversion from 'double' to 'float', possible loss of data
D:\cosas de clase\Motores\3D-Motor-2021\BUILD-BASE\glmath.cpp(618,33): warning C4244: 'initializing': conversion from 'double' to 'float', possible loss of data
D:\cosas de clase\Motores\3D-Motor-2021\BUILD-BASE\glmath.cpp(758,13): warning C4244: 'initializing': conversion from 'double' to 'float', possible loss of data
D:\cosas de clase\Motores\3D-Motor-2021\BUILD-BASE\glmath.cpp(778,10): warning C4244: 'initializing': conversion from 'double' to 'float', possible loss of data
D:\cosas de clase\Motores\3D-Motor-2021\BUILD-BASE\glmath.cpp(778,33): warning C4244: 'initializing': conversion from 'double' to 'float', possible loss of data
  imgui.cpp
  imgui_demo.cpp
  imgui_draw.cpp
  imgui_impl_opengl2.cpp
  imgui_impl_sdl.cpp
  imgui_impl_sdlrenderer.cpp
D:\cosas de clase\Motores\3D-Motor-2021\BUILD-BASE\imgui\imgui_impl_sdlrenderer.cpp(31,1): fatal error C1189: #error:  This backend requires SDL 2.0.17+ because of SDL_RenderGeometry() function
  imgui_tables.cpp
  imgui_widgets.cpp
  Light.cpp
  log.cpp
  Main.cpp
  ModuleAudio.cpp
  ModuleCamera3D.cpp
  ModuleInput.cpp
  ModulePhysics3D.cpp
D:\cosas de clase\Motores\3D-Motor-2021\BUILD-BASE\ModulePhysics3D.cpp(15,19): warning C4150: deletion of pointer to incomplete type 'DebugDrawer'; no destructor called
D:\cosas de clase\Motores\3D-Motor-2021\BUILD-BASE\ModulePhysics3D.h(7): message : see declaration of 'DebugDrawer'
  ModuleRenderer3D.cpp
  ModuleSceneIntro.cpp
  Generating Code...
  Compiling...
  ModuleWindow.cpp
  Primitive.cpp
  Timer.cpp
  Generating Code...
